Arguments: 
  /home/milton/.nvm/versions/node/v16.14.2/bin/node /usr/share/yarn/lib/cli.js add gatsby-source-filesystem

PATH: 
  /home/milton/.local/bin:/home/milton/.local/bin:/home/milton/.nvm/versions/node/v16.14.2/bin:/home/milton/.local/bin:/bin:/usr/local/sbin:/usr/local/bin:/usr/sbin:/usr/bin:/sbin:/bin:/usr/games:/usr/local/games:/snap/bin

Yarn version: 
  1.21.1

Node version: 
  16.14.2

Platform: 
  linux x64

Trace: 
  Invariant Violation: expected workspace package to exist for "gatsby-source-filesystem"
      at invariant (/usr/share/yarn/lib/cli.js:2314:15)
      at _loop2 (/usr/share/yarn/lib/cli.js:94898:9)
      at PackageHoister.init (/usr/share/yarn/lib/cli.js:94957:19)
      at PackageLinker.getFlatHoistedTree (/usr/share/yarn/lib/cli.js:48743:20)
      at PackageLinker.<anonymous> (/usr/share/yarn/lib/cli.js:48754:27)
      at Generator.next (<anonymous>)
      at step (/usr/share/yarn/lib/cli.js:310:30)
      at /usr/share/yarn/lib/cli.js:328:14
      at new Promise (<anonymous>)
      at new F (/usr/share/yarn/lib/cli.js:5301:28)

npm manifest: 
  {
    "name": "gatsby",
    "private": true,
    "version": "1.0.0",
    "license": "MIT",
    "scripts": {
      "build": "gatsby build",
      "clean": "gatsby clean",
      "dev": "gatsby develop"
    },
    "dependencies": {
      "gatsby": "4.11.2",
      "gatsby-theme-descola": "*",
      "react": "^17.0.1",
      "react-dom": "^17.0.1"
    },
    "devDependencies": {
      "gatsby-plugin-webpack-bundle-analyser-v2": "^1.1.27"
    }
  }

yarn manifest: 
  No manifest

Lockfile: 
  No lockfile
